<?xml version="1.0" encoding="UTF-8"?>
<testsuite xmlns:xsi="http://www.w3.org/2001/XMLSchema-instance" xsi:noNamespaceSchemaLocation="https://maven.apache.org/surefire/maven-surefire-plugin/xsd/surefire-test-report.xsd" name="com.ing.devschool.errorcases.CalculatorErrorsTest" time="0.097" tests="2" errors="0" skipped="0" failures="0">
  <properties>
[...]
</properties>
  <testcase name="testErrorSubstractEquals" classname="com.ing.devschool.errorcases.CalculatorErrorsTest" time="0.01"/>
  <testcase name="testErrorDivide" classname="com.ing.devschool.errorcases.CalculatorErrorsTest" time="0"/>
</testsuite>